\BOOKMARK [1][-]{section.1}{\376\377\000I\000n\000t\000r\000o\000d\000u\000c\000t\000i\000o\000n}{}% 1
\BOOKMARK [1][-]{section.2}{\376\377\000B\000a\000c\000k\000g\000r\000o\000u\000n\000d\000\040\000a\000n\000d\000\040\000M\000o\000t\000i\000v\000a\000t\000i\000o\000n}{}% 2
\BOOKMARK [2][-]{subsection.2.1}{\376\377\000M\000o\000E\000\040\000E\000x\000p\000e\000r\000t\000\040\000I\000n\000f\000e\000r\000e\000n\000c\000e}{section.2}% 3
\BOOKMARK [2][-]{subsection.2.2}{\376\377\000E\000x\000p\000e\000r\000t\000\040\000D\000e\000p\000l\000o\000y\000m\000e\000n\000t\000\040\000C\000h\000a\000l\000l\000e\000n\000g\000e\000s\000\040\000i\000n\000\040\000U\000A\000V\000\040\000E\000d\000g\000e\000\040\000N\000e\000t\000w\000o\000r\000k\000s}{section.2}% 4
\BOOKMARK [2][-]{subsection.2.3}{\376\377\000M\000o\000t\000i\000v\000a\000t\000i\000o\000n\000\040\000f\000o\000r\000\040\000S\000i\000m\000i\000l\000a\000r\000i\000t\000y\000-\000A\000w\000a\000r\000e\000\040\000D\000e\000p\000l\000o\000y\000m\000e\000n\000t}{section.2}% 5
\BOOKMARK [1][-]{section.3}{\376\377\000S\000y\000s\000t\000e\000m\000\040\000M\000o\000d\000e\000l}{}% 6
\BOOKMARK [2][-]{subsection.3.1}{\376\377\121\306\227\131\140\001\000\040\000U\000A\000V\000\040\177\121\176\334}{section.3}% 7
\BOOKMARK [2][-]{subsection.3.2}{\376\377\145\340\176\277\224\376\215\357\116\016\123\125\215\363\217\336\220\032\140\047}{section.3}% 8
\BOOKMARK [2][-]{subsection.3.3}{\376\377\123\117\124\014\143\250\164\006\116\373\122\241\152\041\127\213}{section.3}% 9
\BOOKMARK [2][-]{subsection.3.4}{\376\377\172\357\122\060\172\357\136\366\217\337\152\041\127\213}{section.3}% 10
\BOOKMARK [2][-]{subsection.3.5}{\376\377\220\032\165\050\117\030\123\026\225\356\230\230}{section.3}% 11
\BOOKMARK [1][-]{section.4}{\376\377\000P\000r\000o\000p\000o\000s\000e\000d\000\040\000D\000e\000s\000i\000g\000n}{}% 12
\BOOKMARK [2][-]{subsection.4.1}{\376\377\000D\000e\000s\000i\000g\000n\000\040\000O\000v\000e\000r\000v\000i\000e\000w}{section.4}% 13
\BOOKMARK [2][-]{subsection.4.2}{\376\377\000T\000a\000s\000k\000\040\000D\000e\000m\000a\000n\000d\000\040\000M\000o\000d\000e\000l\000i\000n\000g\000\040\000u\000n\000d\000e\000r\000\040\000S\000i\000n\000g\000l\000e\000-\000H\000o\000p\000\040\000U\000A\000V\000\040\000C\000o\000m\000m\000u\000n\000i\000c\000a\000t\000i\000o\000n}{section.4}% 14
\BOOKMARK [3][-]{subsubsection.4.2.1}{\376\377\116\373\122\241\236\330\213\244\143\245\121\145\000\040\000U\000A\000V}{subsection.4.2}% 15
\BOOKMARK [3][-]{subsubsection.4.2.2}{\376\377\166\364\143\245\116\023\133\266\227\000\154\102\000\040\000D\000e\000m\000a\000n\000d\000\050\000r\000,\000u\000\051}{subsection.4.2}% 16
\BOOKMARK [3][-]{subsubsection.4.2.3}{\376\377\123\125\215\363\000\040\000U\000A\000V\000-\000U\000A\000V\000\040\220\032\117\341\213\276\133\232}{subsection.4.2}% 17
\BOOKMARK [2][-]{subsection.4.3}{\376\377\000S\000i\000m\000i\000l\000a\000r\000i\000t\000y\000-\000A\000w\000a\000r\000e\000\040\000C\000a\000n\000d\000i\000d\000a\000t\000e\000\040\000E\000x\000p\000e\000r\000t\000\040\000C\000o\000n\000s\000t\000r\000u\000c\000t\000i\000o\000n}{section.4}% 18
\BOOKMARK [3][-]{subsubsection.4.3.1}{\376\377\116\373\122\241\123\237\147\054\227\000\211\201\166\204\123\237\131\313\116\023\133\266\226\306\124\010}{subsection.4.3}% 19
\BOOKMARK [3][-]{subsubsection.4.3.2}{\376\377\123\357\146\377\116\343\116\023\133\266\226\306\124\010}{subsection.4.3}% 20
\BOOKMARK [3][-]{subsubsection.4.3.3}{\376\377\120\031\220\011\116\023\133\266\226\306\124\010}{subsection.4.3}% 21
\BOOKMARK [3][-]{subsubsection.4.3.4}{\376\377\147\011\145\110\227\000\154\102\000\040\000D\000e\000m\000a\000n\000d\000\137\000e\000f\000f\000\050\000e\000,\000u\000\051}{subsection.4.3}% 22
\BOOKMARK [2][-]{subsection.4.4}{\376\377\000C\000o\000m\000m\000u\000n\000i\000c\000a\000t\000i\000o\000n\000-\000A\000w\000a\000r\000e\000\040\000E\000x\000p\000e\000r\000t\000\040\000P\000l\000a\000c\000e\000m\000e\000n\000t\000\040\000S\000c\000o\000r\000i\000n\000g}{section.4}% 23
\BOOKMARK [3][-]{subsubsection.4.4.1}{\376\377\220\032\117\341\141\037\167\345\116\373\122\241\227\000\154\102\145\066\166\312\000\040\000A\000\050\000e\000,\000u\000\051}{subsection.4.4}% 24
\BOOKMARK [3][-]{subsubsection.4.4.2}{\376\377\213\241\173\227\200\375\122\233\145\066\166\312\000\040\000B\000\050\000e\000,\000u\000\051}{subsection.4.4}% 25
\BOOKMARK [3][-]{subsubsection.4.4.3}{\376\377\177\121\176\334\117\115\177\156\145\066\166\312\000\040\000C\000\050\000e\000,\000u\000\051}{subsection.4.4}% 26
\BOOKMARK [3][-]{subsubsection.4.4.4}{\376\377\127\372\170\100\220\350\177\162\137\227\122\006\000\040\000B\000a\000s\000e\000S\000c\000o\000r\000e\000\050\000e\000,\000u\000\051}{subsection.4.4}% 27
\BOOKMARK [2][-]{subsection.4.5}{\376\377\000D\000y\000n\000a\000m\000i\000c\000\040\000G\000r\000e\000e\000d\000y\000\040\000E\000x\000p\000e\000r\000t\000\040\000P\000l\000a\000c\000e\000m\000e\000n\000t\000\040\000a\000n\000d\000\040\000L\000i\000g\000h\000t\000w\000e\000i\000g\000h\000t\000\040\000I\000n\000f\000e\000r\000e\000n\000c\000e\000\040\000S\000c\000h\000e\000d\000u\000l\000i\000n\000g}{section.4}% 28
\BOOKMARK [3][-]{subsubsection.4.5.1}{\376\377\122\250\140\001\215\052\137\303\116\023\133\266\220\350\177\162}{subsection.4.5}% 29
\BOOKMARK [3][-]{subsubsection.4.5.2}{\376\377\217\173\221\317\176\247\143\250\164\006\214\003\136\246}{subsection.4.5}% 30
\BOOKMARK [1][-]{section.5}{\376\377\000I\000m\000p\000l\000e\000m\000e\000n\000t\000a\000t\000i\000o\000n\000\040\000a\000n\000d\000\040\000E\000v\000a\000l\000u\000a\000t\000i\000o\000n}{}% 31
\BOOKMARK [2][-]{subsection.5.1}{\376\377\000S\000i\000m\000u\000l\000a\000t\000i\000o\000n\000\040\000S\000e\000t\000u\000p}{section.5}% 32
\BOOKMARK [2][-]{subsection.5.2}{\376\377\000B\000a\000s\000e\000l\000i\000n\000e\000s\000\040\000a\000n\000d\000\040\000M\000e\000t\000r\000i\000c\000s}{section.5}% 33
\BOOKMARK [2][-]{subsection.5.3}{\376\377\000E\000n\000d\000-\000t\000o\000-\000E\000n\000d\000\040\000D\000e\000l\000a\000y\000\040\000P\000e\000r\000f\000o\000r\000m\000a\000n\000c\000e}{section.5}% 34
\BOOKMARK [2][-]{subsection.5.4}{\376\377\000D\000e\000l\000a\000y\000\040\000B\000r\000e\000a\000k\000d\000o\000w\000n}{section.5}% 35
\BOOKMARK [2][-]{subsection.5.5}{\376\377\000S\000i\000m\000i\000l\000a\000r\000i\000t\000y\000\040\000S\000u\000b\000s\000t\000i\000t\000u\000t\000i\000o\000n\000\040\000A\000n\000a\000l\000y\000s\000i\000s}{section.5}% 36
\BOOKMARK [2][-]{subsection.5.6}{\376\377\000S\000e\000n\000s\000i\000t\000i\000v\000i\000t\000y\000\040\000A\000n\000a\000l\000y\000s\000i\000s}{section.5}% 37
\BOOKMARK [2][-]{subsection.5.7}{\376\377\000S\000c\000a\000l\000a\000b\000i\000l\000i\000t\000y\000\040\000A\000n\000a\000l\000y\000s\000i\000s}{section.5}% 38
\BOOKMARK [1][-]{section.6}{\376\377\000R\000e\000l\000a\000t\000e\000d\000\040\000W\000o\000r\000k}{}% 39
\BOOKMARK [1][-]{section.7}{\376\377\000C\000o\000n\000c\000l\000u\000s\000i\000o\000n}{}% 40
